<?xml version="1.0" encoding="UTF-8"?>
<testng-results ignored="0" total="1" passed="1" failed="0" skipped="0">
  <reporter-output>
  </reporter-output>
  <suite started-at="2024-12-01T19:10:45 IST" name="Default suite" finished-at="2024-12-01T19:11:12 IST" duration-ms="27012">
    <groups>
    </groups>
    <test started-at="2024-12-01T19:10:45 IST" name="Default test" finished-at="2024-12-01T19:11:12 IST" duration-ms="27012">
      <class name="com.qa.TestLayer.AddToCartTest">
        <test-method is-config="true" signature="initDriver()[pri:0, instance:com.qa.TestLayer.AddToCartTest@292b08d6]" started-at="2024-12-01T19:10:45 IST" name="initDriver" finished-at="2024-12-01T19:10:53 IST" duration-ms="7821" status="PASS">
          <reporter-output>
          </reporter-output>
        </test-method> <!-- initDriver -->
        <test-method signature="addToCartTest()[pri:0, instance:com.qa.TestLayer.AddToCartTest@292b08d6]" started-at="2024-12-01T19:10:53 IST" name="addToCartTest" finished-at="2024-12-01T19:11:12 IST" duration-ms="19144" status="PASS">
          <reporter-output>
          </reporter-output>
        </test-method> <!-- addToCartTest -->
      </class> <!-- com.qa.TestLayer.AddToCartTest -->
    </test> <!-- Default test -->
  </suite> <!-- Default suite -->
</testng-results>
