<?xml version="1.0" encoding="UTF-8"?>
<testng-results ignored="0" total="1" passed="1" failed="0" skipped="0">
  <reporter-output>
  </reporter-output>
  <suite started-at="2024-12-06T21:19:03 IST" name="Default suite" finished-at="2024-12-06T21:19:32 IST" duration-ms="28897">
    <groups>
    </groups>
    <test started-at="2024-12-06T21:19:03 IST" name="Default test" finished-at="2024-12-06T21:19:32 IST" duration-ms="28897">
      <class name="com.qa.TestLayer.AddToCartTest">
        <test-method is-config="true" signature="initDriver()[pri:0, instance:com.qa.TestLayer.AddToCartTest@34e9fd99]" started-at="2024-12-06T21:19:04 IST" name="initDriver" finished-at="2024-12-06T21:19:12 IST" duration-ms="8588" status="PASS">
          <reporter-output>
          </reporter-output>
        </test-method> <!-- initDriver -->
        <test-method signature="addToCartTest()[pri:0, instance:com.qa.TestLayer.AddToCartTest@34e9fd99]" started-at="2024-12-06T21:19:12 IST" name="addToCartTest" finished-at="2024-12-06T21:19:32 IST" duration-ms="19862" status="PASS">
          <reporter-output>
          </reporter-output>
        </test-method> <!-- addToCartTest -->
        <test-method is-config="true" signature="tearDown()[pri:0, instance:com.qa.TestLayer.AddToCartTest@34e9fd99]" started-at="2024-12-06T21:19:32 IST" name="tearDown" finished-at="2024-12-06T21:19:32 IST" duration-ms="400" status="PASS">
          <reporter-output>
          </reporter-output>
        </test-method> <!-- tearDown -->
      </class> <!-- com.qa.TestLayer.AddToCartTest -->
    </test> <!-- Default test -->
  </suite> <!-- Default suite -->
</testng-results>
