<?xml version="1.0" encoding="UTF-8"?>
<testng-results ignored="0" total="1" passed="1" failed="0" skipped="0">
  <reporter-output>
  </reporter-output>
  <suite started-at="2024-11-30T20:37:59 IST" name="Suite" finished-at="2024-11-30T20:38:46 IST" duration-ms="47072">
    <groups>
      <group name="Smoke">
        <method signature="EcommerceTest_End2End.formFilltest()[pri:0, instance:testRunner.EcommerceTest_End2End@20820df0]" name="formFilltest" class="testRunner.EcommerceTest_End2End"/>
      </group> <!-- Smoke -->
    </groups>
    <test started-at="2024-11-30T20:37:59 IST" name="End to end Framework Test" finished-at="2024-11-30T20:38:44 IST" duration-ms="45182">
      <class name="testRunner.EcommerceTest_End2End">
        <test-method is-config="true" signature="configureAppium()[pri:0, instance:testRunner.EcommerceTest_End2End@20820df0]" started-at="2024-11-30T20:37:59 IST" name="configureAppium" finished-at="2024-11-30T20:38:22 IST" duration-ms="23496" status="PASS">
          <reporter-output>
          </reporter-output>
        </test-method> <!-- configureAppium -->
        <test-method signature="formFilltest()[pri:0, instance:testRunner.EcommerceTest_End2End@20820df0]" started-at="2024-11-30T20:38:22 IST" name="formFilltest" finished-at="2024-11-30T20:38:44 IST" duration-ms="21638" status="PASS">
          <reporter-output>
          </reporter-output>
        </test-method> <!-- formFilltest -->
        <test-method is-config="true" signature="tearDown()[pri:0, instance:testRunner.EcommerceTest_End2End@20820df0]" started-at="2024-11-30T20:38:44 IST" name="tearDown" finished-at="2024-11-30T20:38:44 IST" duration-ms="1" status="PASS">
          <reporter-output>
          </reporter-output>
        </test-method> <!-- tearDown -->
      </class> <!-- testRunner.EcommerceTest_End2End -->
    </test> <!-- End to end Framework Test -->
    <test started-at="2024-11-30T20:38:46 IST" name="Error Validations Test" finished-at="2024-11-30T20:38:46 IST" duration-ms="0">
    </test> <!-- Error Validations Test -->
  </suite> <!-- Suite -->
</testng-results>
