<?xml version="1.0" encoding="UTF-8"?>
<!-- Generated by org.testng.reporters.JUnitXMLReporter -->
<testsuite ignored="0" hostname="LAPTOP-B0L2K8D2" failures="1" tests="3" name="Test" time="56.869" errors="0" timestamp="2024-11-30T14:11:57 IST">
  <testcase classname="testRunner.EcommerceTest_End2End" name="formFilltest" time="17.281"/>
  <testcase classname="testRunner.Ecommerce_DataDrivenTest2" name="formFillTest_DataDriven" time="14.456">
    <failure type="org.openqa.selenium.NoSuchElementException" message="An element could not be located on the page using the given search parameters.
For documentation on this error, please visit: https://www.selenium.dev/documentation/webdriver/troubleshooting/errors#no-such-element-exception
Build info: version: &amp;apos;4.27.0&amp;apos;, revision: &amp;apos;d6e718d134&amp;apos;
System info: os.name: &amp;apos;Windows 11&amp;apos;, os.arch: &amp;apos;amd64&amp;apos;, os.version: &amp;apos;10.0&amp;apos;, java.version: &amp;apos;17.0.12&amp;apos;
Driver info: io.appium.java_client.android.AndroidDriver
Command: [fa1500d4-be7c-47a8-bda8-eec0b575b958, findElement {using=-android uiautomator, value=new UiScrollable(new UiSelector()).scrollIntoView(text(&amp;quot;Argentina&amp;quot;));}]
Capabilities {appium:app: C:\Raj Setup\Mobile_Automat..., appium:appPackage: com.androidsample.generalstore, appium:automationName: UIAutomator2, appium:databaseEnabled: false, appium:desired: {app: C:\Raj Setup\Mobile_Automat..., automationName: UIAutomator2, deviceName: Raj_AppiumTest, platformName: ANDROID}, appium:deviceApiLevel: 34, appium:deviceManufacturer: Google, appium:deviceModel: sdk_gphone64_x86_64, appium:deviceName: emulator-5554, appium:deviceScreenDensity: 420, appium:deviceScreenSize: 1080x2400, appium:deviceUDID: emulator-5554, appium:javascriptEnabled: true, appium:locationContextEnabled: false, appium:networkConnectionEnabled: true, appium:pixelRatio: 2.625, appium:platformVersion: 14, appium:statBarHeight: 63, appium:takesScreenshot: true, appium:viewportRect: {height: 2337, left: 0, top: 63, width: 1080}, appium:warnings: {}, appium:webStorageEnabled: false, platformName: ANDROID}
Session ID: fa1500d4-be7c-47a8-bda8-eec0b575b958">
      <![CDATA[org.openqa.selenium.NoSuchElementException: An element could not be located on the page using the given search parameters.
For documentation on this error, please visit: https://www.selenium.dev/documentation/webdriver/troubleshooting/errors#no-such-element-exception
Build info: version: '4.27.0', revision: 'd6e718d134'
System info: os.name: 'Windows 11', os.arch: 'amd64', os.version: '10.0', java.version: '17.0.12'
Driver info: io.appium.java_client.android.AndroidDriver
Command: [fa1500d4-be7c-47a8-bda8-eec0b575b958, findElement {using=-android uiautomator, value=new UiScrollable(new UiSelector()).scrollIntoView(text("Argentina"));}]
Capabilities {appium:app: C:\Raj Setup\Mobile_Automat..., appium:appPackage: com.androidsample.generalstore, appium:automationName: UIAutomator2, appium:databaseEnabled: false, appium:desired: {app: C:\Raj Setup\Mobile_Automat..., automationName: UIAutomator2, deviceName: Raj_AppiumTest, platformName: ANDROID}, appium:deviceApiLevel: 34, appium:deviceManufacturer: Google, appium:deviceModel: sdk_gphone64_x86_64, appium:deviceName: emulator-5554, appium:deviceScreenDensity: 420, appium:deviceScreenSize: 1080x2400, appium:deviceUDID: emulator-5554, appium:javascriptEnabled: true, appium:locationContextEnabled: false, appium:networkConnectionEnabled: true, appium:pixelRatio: 2.625, appium:platformVersion: 14, appium:statBarHeight: 63, appium:takesScreenshot: true, appium:viewportRect: {height: 2337, left: 0, top: 63, width: 1080}, appium:warnings: {}, appium:webStorageEnabled: false, platformName: ANDROID}
Session ID: fa1500d4-be7c-47a8-bda8-eec0b575b958
at org.openqa.selenium.remote.ErrorCodec.decode(ErrorCodec.java:167)
at org.openqa.selenium.remote.codec.w3c.W3CHttpResponseCodec.decode(W3CHttpResponseCodec.java:138)
at org.openqa.selenium.remote.codec.w3c.W3CHttpResponseCodec.decode(W3CHttpResponseCodec.java:50)
at org.openqa.selenium.remote.HttpCommandExecutor.execute(HttpCommandExecutor.java:190)
at io.appium.java_client.remote.AppiumCommandExecutor.execute(AppiumCommandExecutor.java:237)
at org.openqa.selenium.remote.RemoteWebDriver.execute(RemoteWebDriver.java:545)
at org.openqa.selenium.remote.ElementLocation$ElementFinder$2.findElement(ElementLocation.java:165)
at org.openqa.selenium.remote.ElementLocation.findElement(ElementLocation.java:66)
at org.openqa.selenium.remote.RemoteWebDriver.findElement(RemoteWebDriver.java:368)
at org.openqa.selenium.remote.RemoteWebDriver.findElement(RemoteWebDriver.java:362)
at utils.android.AndroidActions.scrollToText(AndroidActions.java:74)
at pageObjects.android.FormPage.setCountrySelection(FormPage.java:70)
at testRunner.Ecommerce_DataDrivenTest2.formFillTest_DataDriven(Ecommerce_DataDrivenTest2.java:24)
at java.base/java.util.ArrayList.forEach(ArrayList.java:1511)
... Removed 36 stack frames]]>
    </failure>
  </testcase> <!-- formFillTest_DataDriven -->
  <testcase classname="testRunner.Ecommerce_DataDrivenTest2" name="formFillTest_DataDriven" time="6.303"/>
</testsuite> <!-- Test -->
