<?xml version="1.0" encoding="UTF-8"?>
<!-- Generated by org.testng.reporters.JUnitXMLReporter -->
<testsuite ignored="1" hostname="LAPTOP-B0L2K8D2" failures="0" tests="6" name="Test" time="139.883" errors="0" timestamp="2024-12-14T21:27:10 IST">
  <testcase classname="com.qa.test.layer.AddToCartDataDriven" name="addToCartTest_DataProvider" time="23.672"/>
  <testcase classname="com.qa.test.layer.CartPageTest" name="verifyCartTotalTest" time="20.237"/>
  <testcase classname="com.qa.test.layer.AddToCart" name="addToCartTest" time="19.683"/>
  <testcase classname="com.qa.test.layer.AddToCartDataDrivenWithStream" name="addToCartTest_DataProvider" time="23.2"/>
  <testcase classname="com.qa.test.layer.FormFillingTest" name="fillFormTest_NegativeTest" time="9.026"/>
  <testcase classname="com.qa.test.layer.FormFillingTest" name="fillForm_PositiveTest" time="4.881"/>
  <testcase classname="com.qa.test.layer.AddToCartUsingStream" name="addToCartTest" time="0.0">
    <ignored/>
  </testcase> <!-- addToCartTest -->
</testsuite> <!-- Test -->
