<?xml version="1.0" encoding="UTF-8"?>
<testng-results ignored="0" total="1" passed="1" failed="0" skipped="0">
  <reporter-output>
  </reporter-output>
  <suite started-at="2024-12-01T21:34:28 IST" name="Default suite" finished-at="2024-12-01T21:34:33 IST" duration-ms="5088">
    <groups>
    </groups>
    <test started-at="2024-12-01T21:34:28 IST" name="Default test" finished-at="2024-12-01T21:34:33 IST" duration-ms="5088">
      <class name="AppiumTutorials.SeleniumCalendarHandling">
        <test-method signature="calendarSelectiion()[pri:0, instance:AppiumTutorials.SeleniumCalendarHandling@4c583ecf]" started-at="2024-12-01T21:34:28 IST" name="calendarSelectiion" finished-at="2024-12-01T21:34:33 IST" duration-ms="5059" status="PASS">
          <reporter-output>
          </reporter-output>
        </test-method> <!-- calendarSelectiion -->
      </class> <!-- AppiumTutorials.SeleniumCalendarHandling -->
    </test> <!-- Default test -->
  </suite> <!-- Default suite -->
</testng-results>
