<?xml version="1.0" encoding="UTF-8"?>
<!-- Generated by org.testng.reporters.JUnitXMLReporter -->
<testsuite ignored="0" hostname="LAPTOP-B0L2K8D2" failures="0" tests="2" name="End to end Framework Test" time="32.82" errors="0" timestamp="2024-12-14T19:50:46 IST">
  <testcase classname="com.qa.test.layer.FormFillingTest" name="fillFormTest_NegativeTest" time="10.424"/>
  <testcase classname="com.qa.test.layer.FormFillingTest" name="fillForm_PositiveTest" time="6.663"/>
</testsuite> <!-- End to end Framework Test -->
