<?xml version="1.0" encoding="UTF-8"?>
<testng-results ignored="0" total="2" passed="2" failed="0" skipped="0">
  <reporter-output>
  </reporter-output>
  <suite started-at="2024-12-29T19:26:39 IST" name="Default suite" finished-at="2024-12-29T19:27:45 IST" duration-ms="66060">
    <groups>
      <group name="Smoke">
        <method signature="FormFillingTest.fillFormTest_NegativeTest()[pri:1, instance:com.qa.test.layer.FormFillingTest@c05fddc]" name="fillFormTest_NegativeTest" class="com.qa.test.layer.FormFillingTest"/>
        <method signature="FormFillingTest.fillForm_PositiveTest()[pri:2, instance:com.qa.test.layer.FormFillingTest@c05fddc]" name="fillForm_PositiveTest" class="com.qa.test.layer.FormFillingTest"/>
      </group> <!-- Smoke -->
    </groups>
    <test started-at="2024-12-29T19:26:39 IST" name="Default test" finished-at="2024-12-29T19:27:45 IST" duration-ms="66060">
      <class name="com.qa.test.layer.FormFillingTest">
        <test-method is-config="true" signature="initDriver()[pri:0, instance:com.qa.test.layer.FormFillingTest@c05fddc]" started-at="2024-12-29T19:26:39 IST" name="initDriver" finished-at="2024-12-29T19:27:21 IST" duration-ms="41784" status="PASS">
          <reporter-output>
          </reporter-output>
        </test-method> <!-- initDriver -->
        <test-method signature="fillFormTest_NegativeTest()[pri:1, instance:com.qa.test.layer.FormFillingTest@c05fddc]" started-at="2024-12-29T19:27:21 IST" name="fillFormTest_NegativeTest" finished-at="2024-12-29T19:27:35 IST" duration-ms="14696" status="PASS">
          <reporter-output>
          </reporter-output>
        </test-method> <!-- fillFormTest_NegativeTest -->
        <test-method signature="fillForm_PositiveTest()[pri:2, instance:com.qa.test.layer.FormFillingTest@c05fddc]" started-at="2024-12-29T19:27:35 IST" name="fillForm_PositiveTest" finished-at="2024-12-29T19:27:44 IST" duration-ms="8128" status="PASS">
          <reporter-output>
          </reporter-output>
        </test-method> <!-- fillForm_PositiveTest -->
        <test-method is-config="true" signature="tearDown()[pri:0, instance:com.qa.test.layer.FormFillingTest@c05fddc]" started-at="2024-12-29T19:27:44 IST" name="tearDown" finished-at="2024-12-29T19:27:45 IST" duration-ms="1270" status="PASS">
          <reporter-output>
          </reporter-output>
        </test-method> <!-- tearDown -->
      </class> <!-- com.qa.test.layer.FormFillingTest -->
    </test> <!-- Default test -->
  </suite> <!-- Default suite -->
</testng-results>
